# JRE version: Java(TM) SE Runtime Environment (8.0_161-b12) (build 1.8.0_161-b12)
# Java VM: Java HotSpot(TM) 64-Bit Server VM (25.161-b12 mixed mode windows-amd64 compressed oops)
Heap:
 PSYoungGen      total 348672K, used 341357K [0x00000000eab00000, 0x0000000100000000, 0x0000000100000000)
  eden space 348160K, 98% used [0x00000000eab00000,0x00000000ff833448,0x00000000fff00000)
  from space 512K, 31% used [0x00000000fff80000,0x00000000fffa8000,0x0000000100000000)
  to   space 512K, 0% used [0x00000000fff00000,0x00000000fff00000,0x00000000fff80000)
 ParOldGen       total 218624K, used 121160K [0x00000000c0000000, 0x00000000cd580000, 0x00000000eab00000)
  object space 218624K, 55% used [0x00000000c0000000,0x00000000c7652288,0x00000000cd580000)
 Metaspace       used 4780K, capacity 5512K, committed 5632K, reserved 1056768K
  class space    used 464K, capacity 498K, committed 512K, reserved 1048576K
GC Heap History (10 events):
Event: 31.704 GC heap before
{Heap before GC invocations=223 (full 1):
 PSYoungGen      total 348672K, used 348192K [0x00000000eab00000, 0x0000000100000000, 0x0000000100000000)
  eden space 348160K, 100% used [0x00000000eab00000,0x00000000fff00000,0x00000000fff00000)
  from space 512K, 6% used [0x00000000fff00000,0x00000000fff08000,0x00000000fff80000)
  to   space 512K, 0% used [0x00000000fff80000,0x00000000fff80000,0x0000000100000000)
 ParOldGen       total 218624K, used 121128K [0x00000000c0000000, 0x00000000cd580000, 0x00000000eab00000)
  object space 218624K, 55% used [0x00000000c0000000,0x00000000c764a288,0x00000000cd580000)
 Metaspace       used 4780K, capacity 5512K, committed 5632K, reserved 1056768K
  class space    used 464K, capacity 498K, committed 512K, reserved 1048576K
Event: 31.704 GC heap after
Heap after GC invocations=223 (full 1):
 PSYoungGen      total 348672K, used 288K [0x00000000eab00000, 0x0000000100000000, 0x0000000100000000)
  eden space 348160K, 0% used [0x00000000eab00000,0x00000000eab00000,0x00000000fff00000)
  from space 512K, 56% used [0x00000000fff80000,0x00000000fffc8000,0x0000000100000000)
  to   space 512K, 0% used [0x00000000fff00000,0x00000000fff00000,0x00000000fff80000)
 ParOldGen       total 218624K, used 121128K [0x00000000c0000000, 0x00000000cd580000, 0x00000000eab00000)
  object space 218624K, 55% used [0x00000000c0000000,0x00000000c764a288,0x00000000cd580000)
 Metaspace       used 4780K, capacity 5512K, committed 5632K, reserved 1056768K
  class space    used 464K, capacity 498K, committed 512K, reserved 1048576K
}
Event: 31.825 GC heap before
{Heap before GC invocations=224 (full 1):
 PSYoungGen      total 348672K, used 348448K [0x00000000eab00000, 0x0000000100000000, 0x0000000100000000)
  eden space 348160K, 100% used [0x00000000eab00000,0x00000000fff00000,0x00000000fff00000)
  from space 512K, 56% used [0x00000000fff80000,0x00000000fffc8000,0x0000000100000000)
  to   space 512K, 0% used [0x00000000fff00000,0x00000000fff00000,0x00000000fff80000)
 ParOldGen       total 218624K, used 121128K [0x00000000c0000000, 0x00000000cd580000, 0x00000000eab00000)
  object space 218624K, 55% used [0x00000000c0000000,0x00000000c764a288,0x00000000cd580000)
 Metaspace       used 4780K, capacity 5512K, committed 5632K, reserved 1056768K
  class space    used 464K, capacity 498K, committed 512K, reserved 1048576K
Event: 31.826 GC heap after
Heap after GC invocations=224 (full 1):
 PSYoungGen      total 348672K, used 160K [0x00000000eab00000, 0x0000000100000000, 0x0000000100000000)
  eden space 348160K, 0% used [0x00000000eab00000,0x00000000eab00000,0x00000000fff00000)
  from space 512K, 31% used [0x00000000fff00000,0x00000000fff28000,0x00000000fff80000)
  to   space 512K, 0% used [0x00000000fff80000,0x00000000fff80000,0x0000000100000000)
 ParOldGen       total 218624K, used 121128K [0x00000000c0000000, 0x00000000cd580000, 0x00000000eab00000)
  object space 218624K, 55% used [0x00000000c0000000,0x00000000c764a288,0x00000000cd580000)
 Metaspace       used 4780K, capacity 5512K, committed 5632K, reserved 1056768K
  class space    used 464K, capacity 498K, committed 512K, reserved 1048576K
}
Event: 31.947 GC heap before
{Heap before GC invocations=225 (full 1):
 PSYoungGen      total 348672K, used 348320K [0x00000000eab00000, 0x0000000100000000, 0x0000000100000000)
  eden space 348160K, 100% used [0x00000000eab00000,0x00000000fff00000,0x00000000fff00000)
  from space 512K, 31% used [0x00000000fff00000,0x00000000fff28000,0x00000000fff80000)
  to   space 512K, 0% used [0x00000000fff80000,0x00000000fff80000,0x0000000100000000)
 ParOldGen       total 218624K, used 121128K [0x00000000c0000000, 0x00000000cd580000, 0x00000000eab00000)
  object space 218624K, 55% used [0x00000000c0000000,0x00000000c764a288,0x00000000cd580000)
 Metaspace       used 4780K, capacity 5512K, committed 5632K, reserved 1056768K
  class space    used 464K, capacity 498K, committed 512K, reserved 1048576K
Event: 31.948 GC heap after
Heap after GC invocations=225 (full 1):
 PSYoungGen      total 348672K, used 160K [0x00000000eab00000, 0x0000000100000000, 0x0000000100000000)
  eden space 348160K, 0% used [0x00000000eab00000,0x00000000eab00000,0x00000000fff00000)
  from space 512K, 31% used [0x00000000fff80000,0x00000000fffa8000,0x0000000100000000)
  to   space 512K, 0% used [0x00000000fff00000,0x00000000fff00000,0x00000000fff80000)
 ParOldGen       total 218624K, used 121128K [0x00000000c0000000, 0x00000000cd580000, 0x00000000eab00000)
  object space 218624K, 55% used [0x00000000c0000000,0x00000000c764a288,0x00000000cd580000)
 Metaspace       used 4780K, capacity 5512K, committed 5632K, reserved 1056768K
  class space    used 464K, capacity 498K, committed 512K, reserved 1048576K
}
Event: 32.076 GC heap before
{Heap before GC invocations=226 (full 1):
 PSYoungGen      total 348672K, used 348320K [0x00000000eab00000, 0x0000000100000000, 0x0000000100000000)
  eden space 348160K, 100% used [0x00000000eab00000,0x00000000fff00000,0x00000000fff00000)
  from space 512K, 31% used [0x00000000fff80000,0x00000000fffa8000,0x0000000100000000)
  to   space 512K, 0% used [0x00000000fff00000,0x00000000fff00000,0x00000000fff80000)
 ParOldGen       total 218624K, used 121128K [0x00000000c0000000, 0x00000000cd580000, 0x00000000eab00000)
  object space 218624K, 55% used [0x00000000c0000000,0x00000000c764a288,0x00000000cd580000)
 Metaspace       used 4780K, capacity 5512K, committed 5632K, reserved 1056768K
  class space    used 464K, capacity 498K, committed 512K, reserved 1048576K
Event: 32.077 GC heap after
Heap after GC invocations=226 (full 1):
 PSYoungGen      total 348672K, used 160K [0x00000000eab00000, 0x0000000100000000, 0x0000000100000000)
  eden space 348160K, 0% used [0x00000000eab00000,0x00000000eab00000,0x00000000fff00000)
  from space 512K, 31% used [0x00000000fff00000,0x00000000fff28000,0x00000000fff80000)
  to   space 512K, 0% used [0x00000000fff80000,0x00000000fff80000,0x0000000100000000)
 ParOldGen       total 218624K, used 121128K [0x00000000c0000000, 0x00000000cd580000, 0x00000000eab00000)
  object space 218624K, 55% used [0x00000000c0000000,0x00000000c764a288,0x00000000cd580000)
 Metaspace       used 4780K, capacity 5512K, committed 5632K, reserved 1056768K
  class space    used 464K, capacity 498K, committed 512K, reserved 1048576K
}
Event: 32.201 GC heap before
{Heap before GC invocations=227 (full 1):
 PSYoungGen      total 348672K, used 348320K [0x00000000eab00000, 0x0000000100000000, 0x0000000100000000)
  eden space 348160K, 100% used [0x00000000eab00000,0x00000000fff00000,0x00000000fff00000)
  from space 512K, 31% used [0x00000000fff00000,0x00000000fff28000,0x00000000fff80000)
  to   space 512K, 0% used [0x00000000fff80000,0x00000000fff80000,0x0000000100000000)
 ParOldGen       total 218624K, used 121128K [0x00000000c0000000, 0x00000000cd580000, 0x00000000eab00000)
  object space 218624K, 55% used [0x00000000c0000000,0x00000000c764a288,0x00000000cd580000)
 Metaspace       used 4780K, capacity 5512K, committed 5632K, reserved 1056768K
  class space    used 464K, capacity 498K, committed 512K, reserved 1048576K
Event: 32.202 GC heap after
Heap after GC invocations=227 (full 1):
 PSYoungGen      total 348672K, used 160K [0x00000000eab00000, 0x0000000100000000, 0x0000000100000000)
  eden space 348160K, 0% used [0x00000000eab00000,0x00000000eab00000,0x00000000fff00000)
  from space 512K, 31% used [0x00000000fff80000,0x00000000fffa8000,0x0000000100000000)
  to   space 512K, 0% used [0x00000000fff00000,0x00000000fff00000,0x00000000fff80000)
 ParOldGen       total 218624K, used 121160K [0x00000000c0000000, 0x00000000cd580000, 0x00000000eab00000)
  object space 218624K, 55% used [0x00000000c0000000,0x00000000c7652288,0x00000000cd580000)
 Metaspace       used 4780K, capacity 5512K, committed 5632K, reserved 1056768K
  class space    used 464K, capacity 498K, committed 512K, reserved 1048576K
}

